<?xml version="1.0" encoding="UTF-8"?>
<!-- Generated by org.testng.reporters.JUnitXMLReporter -->
<testsuite ignored="0" hostname="Priyank" failures="0" tests="5" name="Go Bank API Test" time="3.246" errors="0" timestamp="2024-01-11T18:43:26 IST">
  <testcase classname="com.qa.api.tests.GoBankAPITests" name="testCreateAccount" time="2.344"/>
  <testcase classname="com.qa.api.tests.GoBankAPITests" name="testGetAccounts" time="0.147"/>
  <testcase classname="com.qa.api.tests.GoBankAPITests" name="testTransferAmount" time="0.05"/>
  <testcase classname="com.qa.api.tests.GoBankAPITests" name="testLoginAndGetToken" time="0.165"/>
  <testcase classname="com.qa.api.tests.GoBankAPITests" name="testGetAccountWithToken" time="0.064"/>
</testsuite> <!-- Go Bank API Test -->
