<?xml version="1.0" encoding="UTF-8"?>
<!-- Generated by org.testng.reporters.JUnitXMLReporter -->
<testsuite ignored="0" hostname="Priyank" failures="0" tests="6" name="Go Bank API Test" time="7.805" errors="0" timestamp="2024-01-11T20:23:09 IST">
  <testcase classname="com.qa.api.tests.GoBankAPITests" name="testCreateAccount" time="4.325"/>
  <testcase classname="com.qa.api.tests.GoBankAPITests" name="testGetAccounts" time="0.58"/>
  <testcase classname="com.qa.api.tests.GoBankAPITests" name="testTransferAmount" time="0.396"/>
  <testcase classname="com.qa.api.tests.GoBankAPITests" name="testLoginAndGetToken" time="0.878"/>
  <testcase classname="com.qa.api.tests.GoBankAPITests" name="testGetAccountWithToken" time="0.539"/>
  <testcase classname="com.qa.api.tests.GoBankAPITests" name="testDeleteAccountWithToken" time="0.355"/>
</testsuite> <!-- Go Bank API Test -->
