<?xml version="1.0" encoding="UTF-8"?>
<testsuite xmlns:xsi="http://www.w3.org/2001/XMLSchema-instance" xsi:noNamespaceSchemaLocation="https://maven.apache.org/surefire/maven-surefire-plugin/xsd/surefire-test-report-3.0.xsd" version="3.0" name="TestSuite" time="9.506" tests="6" errors="0" skipped="0" failures="0">
  <properties>
[...]
</properties>
  <testcase name="testCreateAccount" classname="com.qa.api.tests.GoBankAPITests" time="4.318">
    <system-out><![CDATA[...
... TestNG 7.0.0 by CÃ©dric Beust (cedric@beust.com)
...

Test Suite started!
testCreateAccount started!
testCreateAccount passed!
]]></system-out>
    <system-err><![CDATA[SLF4J: Failed to load class "org.slf4j.impl.StaticLoggerBinder".
SLF4J: Defaulting to no-operation (NOP) logger implementation
SLF4J: See http://www.slf4j.org/codes.html#StaticLoggerBinder for further details.
]]></system-err>
  </testcase>
  <testcase name="testGetAccounts" classname="com.qa.api.tests.GoBankAPITests" time="0.577">
    <system-out><![CDATA[testGetAccounts started!
testGetAccounts passed!
]]></system-out>
  </testcase>
  <testcase name="testTransferAmount" classname="com.qa.api.tests.GoBankAPITests" time="0.394">
    <system-out><![CDATA[testTransferAmount started!
testTransferAmount passed!
]]></system-out>
  </testcase>
  <testcase name="testLoginAndGetToken" classname="com.qa.api.tests.GoBankAPITests" time="0.878">
    <system-out><![CDATA[testLoginAndGetToken started!
testLoginAndGetToken passed!
]]></system-out>
  </testcase>
  <testcase name="testGetAccountWithToken" classname="com.qa.api.tests.GoBankAPITests" time="0.541">
    <system-out><![CDATA[testGetAccountWithToken started!
HTTP/1.1 200 OK
Date: Thu, 11 Jan 2024 14:53:09 GMT
Content-Type: application/json
Content-Length: 135
Connection: keep-alive
CF-Ray: 843dfcd50cbe44b3-SIN
CF-Cache-Status: DYNAMIC
Content-Encoding: gzip
Vary: Accept-Encoding
rndr-id: 125cec1a-a9ff-48de
x-render-origin-server: Render
Set-Cookie: _cfuvid=D4ulT30EeOJNN3kclZpqPFucHQ5KdrupHLFeDSULZ94-1704984789440-0-604800000; path=/; domain=.onrender.com; HttpOnly; Secure; SameSite=None
Server: cloudflare
alt-svc: h3=":443"; ma=86400

{
    "id": 2,
    "firstName": "Donn",
    "lastName": "Macejkovic",
    "number": 481828,
    "balance": 400000,
    "createdAt": "2024-01-11T14:53:05.903567Z"
}
testGetAccountWithToken passed!
]]></system-out>
  </testcase>
  <testcase name="testDeleteAccountWithToken" classname="com.qa.api.tests.GoBankAPITests" time="0.352">
    <system-out><![CDATA[testDeleteAccountWithToken started!
HTTP/1.1 200 OK
Date: Thu, 11 Jan 2024 14:53:09 GMT
Content-Type: application/json
Content-Length: 38
Connection: keep-alive
CF-Ray: 843dfcd84cf6473f-SIN
CF-Cache-Status: DYNAMIC
Content-Encoding: gzip
Vary: Accept-Encoding
rndr-id: 060b6f4c-138f-44f1
x-render-origin-server: Render
Set-Cookie: _cfuvid=yUYnvBM3bskFrPwqMMXV2NYFVu36tYhDH371ALlNTB4-1704984789861-0-604800000; path=/; domain=.onrender.com; HttpOnly; Secure; SameSite=None
Server: cloudflare
alt-svc: h3=":443"; ma=86400

{
    "deleted": 2
}
testDeleteAccountWithToken passed!
]]></system-out>
  </testcase>
</testsuite>